<?xml version="1.0" encoding="UTF-8"?>
<!-- Generated by org.testng.reporters.JUnitReportReporter -->
<testsuite hostname="DESKTOP-KI2H72A" failures="0" tests="1" name="in.swiggy.testscripts.TestRunner" time="22.833" errors="0" timestamp="2022-08-18T23:17:07 IST" skipped="0">
  <testcase classname="in.swiggy.testscripts.TestRunner" name="runScenario" time="22.833"/>
  <system-out/>
</testsuite> <!-- in.swiggy.testscripts.TestRunner -->
