<?xml version="1.0" encoding="UTF-8"?>
<!-- Generated by org.testng.reporters.JUnitReportReporter -->
<testsuite hostname="DESKTOP-KI2H72A" failures="0" tests="1" name="in.swiggy.testscripts.TestRunner" time="29.852" errors="0" timestamp="2022-08-19T01:07:39 IST" skipped="0">
  <testcase classname="in.swiggy.testscripts.TestRunner" name="runScenario" time="29.852"/>
  <system-out/>
</testsuite> <!-- in.swiggy.testscripts.TestRunner -->
